GROUP,PACKAGE,CLASS,INSTRUCTION_MISSED,INSTRUCTION_COVERED,BRANCH_MISSED,BRANCH_COVERED,LINE_MISSED,LINE_COVERED,COMPLEXITY_MISSED,COMPLEXITY_COVERED,METHOD_MISSED,METHOD_COVERED
com.irurueta:irurueta-navigation,com.irurueta.navigation.geodesic,GeodesicLine,26,1219,24,70,2,185,23,51,0,27
com.irurueta:irurueta-navigation,com.irurueta.navigation.geodesic,Geodesic.InverseData,0,20,0,0,0,4,0,1,0,1
com.irurueta:irurueta-navigation,com.irurueta.navigation.geodesic,Constants,0,3,0,0,0,1,0,1,0,1
com.irurueta:irurueta-navigation,com.irurueta.navigation.geodesic,GeoMath,5,413,2,50,0,86,2,43,0,17
com.irurueta:irurueta-navigation,com.irurueta.navigation.geodesic,PolygonArea,122,704,30,92,13,125,24,50,0,13
com.irurueta:irurueta-navigation,com.irurueta.navigation.geodesic,Geodesic.LengthsV,0,18,0,0,0,3,0,1,0,1
com.irurueta:irurueta-navigation,com.irurueta.navigation.geodesic,GeodesicData,0,123,0,0,0,39,0,25,0,25
com.irurueta:irurueta-navigation,com.irurueta.navigation.geodesic,Geodesic.Lambda12V,0,36,0,0,0,3,0,1,0,1
com.irurueta:irurueta-navigation,com.irurueta.navigation.geodesic,Accumulator,0,92,0,2,0,28,0,8,0,7
com.irurueta:irurueta-navigation,com.irurueta.navigation.geodesic,Geodesic,147,4071,35,217,24,559,32,133,0,39
com.irurueta:irurueta-navigation,com.irurueta.navigation.geodesic,Geodesic.InverseStartV,0,21,0,0,0,3,0,1,0,1
com.irurueta:irurueta-navigation,com.irurueta.navigation.geodesic,GnomonicData,0,110,0,0,0,37,0,18,0,18
com.irurueta:irurueta-navigation,com.irurueta.navigation.geodesic,Gnomonic,20,195,7,9,2,43,7,7,0,6
com.irurueta:irurueta-navigation,com.irurueta.navigation.geodesic,PolygonResult,0,33,0,0,0,14,0,7,0,7
com.irurueta:irurueta-navigation,com.irurueta.navigation.geodesic,Pair,0,23,0,0,0,10,0,5,0,5
com.irurueta:irurueta-navigation,com.irurueta.navigation.geodesic,GeodesicMask,0,3,0,0,0,1,0,1,0,1
com.irurueta:irurueta-navigation,com.irurueta.navigation.geodesic,GeodesicException,0,16,0,0,0,8,0,4,0,4
com.irurueta:irurueta-navigation,com.irurueta.navigation.utils,LocationUtils.BearingDistance,0,51,0,0,0,15,0,10,0,10
com.irurueta:irurueta-navigation,com.irurueta.navigation.utils,LocationUtils,17,386,10,56,1,87,8,34,0,9
com.irurueta:irurueta-navigation,com.irurueta.navigation.indoor,RssiReadingLocated3D,0,31,0,0,0,10,0,5,0,5
com.irurueta:irurueta-navigation,com.irurueta.navigation.indoor,RangingFingerprint,0,7,0,0,0,3,0,2,0,2
com.irurueta:irurueta-navigation,com.irurueta.navigation.indoor,WifiAccessPointLocated,0,91,2,14,0,30,2,13,0,7
com.irurueta:irurueta-navigation,com.irurueta.navigation.indoor,RangingAndRssiFingerprintLocated,0,47,1,7,0,17,1,8,0,5
com.irurueta:irurueta-navigation,com.irurueta.navigation.indoor,Beacon,0,209,2,30,0,53,2,34,0,20
com.irurueta:irurueta-navigation,com.irurueta.navigation.indoor,RangingAndRssiReadingLocated2D,0,37,0,0,0,10,0,5,0,5
com.irurueta:irurueta-navigation,com.irurueta.navigation.indoor,RangingReadingLocated2D,0,31,0,0,0,10,0,5,0,5
com.irurueta:irurueta-navigation,com.irurueta.navigation.indoor,RssiReadingLocated2D,0,31,0,0,0,10,0,5,0,5
com.irurueta:irurueta-navigation,com.irurueta.navigation.indoor,RssiFingerprintLocated3D,0,14,0,0,0,6,0,3,0,3
com.irurueta:irurueta-navigation,com.irurueta.navigation.indoor,ReadingType,0,34,0,0,0,4,0,1,0,1
com.irurueta:irurueta-navigation,com.irurueta.navigation.indoor,AltBeaconUtils,0,101,0,0,0,18,0,17,0,17
com.irurueta:irurueta-navigation,com.irurueta.navigation.indoor,RangingReadingLocated3D,0,31,0,0,0,10,0,5,0,5
com.irurueta:irurueta-navigation,com.irurueta.navigation.indoor,IndoorException,0,16,0,0,0,8,0,4,0,4
com.irurueta:irurueta-navigation,com.irurueta.navigation.indoor,WifiAccessPoint,0,72,0,10,0,25,0,14,0,9
com.irurueta:irurueta-navigation,com.irurueta.navigation.indoor,Fingerprint,0,38,0,4,0,12,0,6,0,4
com.irurueta:irurueta-navigation,com.irurueta.navigation.indoor,BeaconWithPowerAndLocated3D,0,407,0,0,0,74,0,37,0,37
com.irurueta:irurueta-navigation,com.irurueta.navigation.indoor,RadioSourceKNearestFinder,0,198,1,33,0,52,1,24,0,8
com.irurueta:irurueta-navigation,com.irurueta.navigation.indoor,RangingAndRssiReadingLocated,0,97,3,13,0,30,3,12,0,7
com.irurueta:irurueta-navigation,com.irurueta.navigation.indoor,RssiReading,0,37,0,4,0,13,0,8,0,6
com.irurueta:irurueta-navigation,com.irurueta.navigation.indoor,WeightedKNearestNeighboursPositionSolver3D,0,34,0,2,0,14,0,7,0,6
com.irurueta:irurueta-navigation,com.irurueta.navigation.indoor,BeaconWithPowerAndLocated,12,869,29,115,3,217,29,82,0,39
com.irurueta:irurueta-navigation,com.irurueta.navigation.indoor,RangingAndRssiFingerprint,0,7,0,0,0,4,0,2,0,2
com.irurueta:irurueta-navigation,com.irurueta.navigation.indoor,WeightedKNearestNeighboursPositionSolver2D,0,34,0,2,0,14,0,7,0,6
com.irurueta:irurueta-navigation,com.irurueta.navigation.indoor,RangingFingerprintLocated2D,0,14,0,0,0,6,0,3,0,3
com.irurueta:irurueta-navigation,com.irurueta.navigation.indoor,BeaconWithPowerAndLocated2D,0,407,0,0,0,74,0,37,0,37
com.irurueta:irurueta-navigation,com.irurueta.navigation.indoor,WeightedKNearestNeighboursPositionSolver,0,321,4,46,0,78,4,38,0,17
com.irurueta:irurueta-navigation,com.irurueta.navigation.indoor,RadioSourceNoMeanKNearestFinder,0,198,1,33,0,52,1,24,0,8
com.irurueta:irurueta-navigation,com.irurueta.navigation.indoor,RssiFingerprint,2,222,2,30,1,57,2,21,0,7
com.irurueta:irurueta-navigation,com.irurueta.navigation.indoor,RssiFingerprintLocated2D,0,14,0,0,0,6,0,3,0,3
com.irurueta:irurueta-navigation,com.irurueta.navigation.indoor,RangingFingerprintLocated3D,0,14,0,0,0,6,0,3,0,3
com.irurueta:irurueta-navigation,com.irurueta.navigation.indoor,WifiAccessPointWithPowerAndLocated2D,0,172,0,0,0,38,0,19,0,19
com.irurueta:irurueta-navigation,com.irurueta.navigation.indoor,RangingAndRssiReadingLocated3D,0,37,0,0,0,10,0,5,0,5
com.irurueta:irurueta-navigation,com.irurueta.navigation.indoor,WifiAccessPointWithPowerAndLocated3D,0,172,0,0,0,38,0,19,0,19
com.irurueta:irurueta-navigation,com.irurueta.navigation.indoor,RadioSourceType,0,24,0,0,0,3,0,1,0,1
com.irurueta:irurueta-navigation,com.irurueta.navigation.indoor,BeaconLocated3D,0,79,0,0,0,18,0,9,0,9
com.irurueta:irurueta-navigation,com.irurueta.navigation.indoor,BeaconLocated2D,0,79,0,0,0,18,0,9,0,9
com.irurueta:irurueta-navigation,com.irurueta.navigation.indoor,RangingReadingLocated,0,91,0,16,0,30,0,15,0,7
com.irurueta:irurueta-navigation,com.irurueta.navigation.indoor,Utils.new MultivariateNormalDist.JacobianEvaluator() {...},0,164,0,0,0,17,0,3,0,3
com.irurueta:irurueta-navigation,com.irurueta.navigation.indoor,WifiAccessPointLocated2D,0,31,0,0,0,10,0,5,0,5
com.irurueta:irurueta-navigation,com.irurueta.navigation.indoor,RssiReadingLocated,0,91,2,14,0,30,2,13,0,7
com.irurueta:irurueta-navigation,com.irurueta.navigation.indoor,WifiAccessPointWithPowerAndLocated,0,412,9,63,0,112,9,48,0,21
com.irurueta:irurueta-navigation,com.irurueta.navigation.indoor,Reading,0,30,1,5,0,8,1,6,0,4
com.irurueta:irurueta-navigation,com.irurueta.navigation.indoor,WifiAccessPointLocated3D,0,31,0,0,0,10,0,5,0,5
com.irurueta:irurueta-navigation,com.irurueta.navigation.indoor,BeaconIdentifier,1,721,3,91,0,128,3,65,0,21
com.irurueta:irurueta-navigation,com.irurueta.navigation.indoor,RssiFingerprintLocated,0,47,2,6,0,17,2,7,0,5
com.irurueta:irurueta-navigation,com.irurueta.navigation.indoor,WifiAccessPointWithPower,0,157,0,16,0,42,0,22,0,14
com.irurueta:irurueta-navigation,com.irurueta.navigation.indoor,RangingAndRssiFingerprintLocated2D,0,14,0,0,0,6,0,3,0,3
com.irurueta:irurueta-navigation,com.irurueta.navigation.indoor,RangingReading,0,45,0,6,0,15,0,9,0,6
com.irurueta:irurueta-navigation,com.irurueta.navigation.indoor,BeaconWithPower,0,416,2,54,0,91,2,48,0,22
com.irurueta:irurueta-navigation,com.irurueta.navigation.indoor,RangingAndRssiFingerprintLocated3D,0,14,0,0,0,6,0,3,0,3
com.irurueta:irurueta-navigation,com.irurueta.navigation.indoor,RangingAndRssiReading,0,69,0,10,0,21,0,13,0,8
com.irurueta:irurueta-navigation,com.irurueta.navigation.indoor,Utils,9,117,5,9,2,17,5,6,0,4
com.irurueta:irurueta-navigation,com.irurueta.navigation.indoor,RangingFingerprintLocated,0,47,1,7,0,17,1,8,0,5
com.irurueta:irurueta-navigation,com.irurueta.navigation.indoor,BeaconLocated,0,193,4,28,0,56,4,23,0,11
com.irurueta:irurueta-navigation,com.irurueta.navigation.indoor.radiosource,RangingRadioSourceEstimator2D,2,236,2,36,1,65,2,33,0,16
com.irurueta:irurueta-navigation,com.irurueta.navigation.indoor.radiosource,PROMedSRobustRangingRadioSourceEstimator3D,12,272,2,18,4,77,2,32,0,24
com.irurueta:irurueta-navigation,com.irurueta.navigation.indoor.radiosource,LMedSRobustRangingAndRssiRadioSourceEstimator3D,12,247,0,8,4,64,0,28,0,24
com.irurueta:irurueta-navigation,com.irurueta.navigation.indoor.radiosource,RobustRangingAndRssiRadioSourceEstimator3D,37,2479,5,233,14,434,5,279,0,105
com.irurueta:irurueta-navigation,com.irurueta.navigation.indoor.radiosource,RadioSourceEstimationException,0,16,0,0,0,8,0,4,0,4
com.irurueta:irurueta-navigation,com.irurueta.navigation.indoor.radiosource,RangingRadioSourceEstimator3D,2,236,2,36,1,65,2,33,0,16
com.irurueta:irurueta-navigation,com.irurueta.navigation.indoor.radiosource,MSACRobustRangingAndRssiRadioSourceEstimator3D,12,247,0,8,4,64,0,28,0,24
com.irurueta:irurueta-navigation,com.irurueta.navigation.indoor.radiosource,RobustRangingAndRssiRadioSourceEstimator2D,37,2479,5,233,14,434,5,279,0,105
com.irurueta:irurueta-navigation,com.irurueta.navigation.indoor.radiosource,LMedSRobustRangingAndRssiRadioSourceEstimator2D,12,247,0,8,4,64,0,28,0,24
com.irurueta:irurueta-navigation,com.irurueta.navigation.indoor.radiosource,RobustRangingAndRssiRadioSourceEstimator.Solution,0,21,0,0,0,8,0,4,0,4
com.irurueta:irurueta-navigation,com.irurueta.navigation.indoor.radiosource,MSACRobustRssiRadioSourceEstimator3D.new MSACRobustEstimatorListener() {...},0,85,0,8,0,20,0,15,0,11
com.irurueta:irurueta-navigation,com.irurueta.navigation.indoor.radiosource,RobustRangingRadioSourceEstimator2D,18,893,5,101,7,172,5,101,0,29
com.irurueta:irurueta-navigation,com.irurueta.navigation.indoor.radiosource,SequentialRobustRangingAndRssiRadioSourceEstimator2D,118,428,34,24,35,136,26,54,0,47
com.irurueta:irurueta-navigation,com.irurueta.navigation.indoor.radiosource,LMedSRobustRangingAndRssiRadioSourceEstimator2D.new LMedSRobustEstimatorListener() {...},0,81,0,8,0,19,0,14,0,10
com.irurueta:irurueta-navigation,com.irurueta.navigation.indoor.radiosource,LMedSRobustRssiRadioSourceEstimator2D.new LMedSRobustEstimatorListener() {...},0,81,0,8,0,19,0,14,0,10
com.irurueta:irurueta-navigation,com.irurueta.navigation.indoor.radiosource,PROMedSRobustRssiRadioSourceEstimator2D,16,522,2,18,5,137,2,56,0,48
com.irurueta:irurueta-navigation,com.irurueta.navigation.indoor.radiosource,PROSACRobustRssiRadioSourceEstimator2D,16,809,2,30,5,150,2,66,0,52
com.irurueta:irurueta-navigation,com.irurueta.navigation.indoor.radiosource,PROMedSRobustRssiRadioSourceEstimator3D,16,522,2,18,5,137,2,56,0,48
com.irurueta:irurueta-navigation,com.irurueta.navigation.indoor.radiosource,MSACRobustRssiRadioSourceEstimator2D.new MSACRobustEstimatorListener() {...},0,85,0,8,0,20,0,15,0,11
com.irurueta:irurueta-navigation,com.irurueta.navigation.indoor.radiosource,RobustRangingRadioSourceEstimator3D,18,893,5,101,7,172,5,101,0,29
com.irurueta:irurueta-navigation,com.irurueta.navigation.indoor.radiosource,PROSACRobustRangingAndRssiRadioSourceEstimator3D.new PROSACRobustEstimatorListener() {...},0,89,1,7,0,21,1,15,0,12
com.irurueta:irurueta-navigation,com.irurueta.navigation.indoor.radiosource,RANSACRobustRangingRadioSourceEstimator3D.new RANSACRobustEstimatorListener() {...},0,85,0,8,0,20,0,15,0,11
com.irurueta:irurueta-navigation,com.irurueta.navigation.indoor.radiosource,PROMedSRobustRangingRadioSourceEstimator2D,12,272,2,18,4,77,2,32,0,24
com.irurueta:irurueta-navigation,com.irurueta.navigation.indoor.radiosource,PROSACRobustRssiRadioSourceEstimator3D,16,809,2,30,5,150,2,66,0,52
com.irurueta:irurueta-navigation,com.irurueta.navigation.indoor.radiosource,PROMedSRobustRangingAndRssiRadioSourceEstimator3D.new PROMedSRobustEstimatorListener() {...},17,72,2,6,4,17,3,13,2,10
com.irurueta:irurueta-navigation,com.irurueta.navigation.indoor.radiosource,RobustRssiRadioSourceEstimator,11,557,6,30,3,123,6,53,0,41
com.irurueta:irurueta-navigation,com.irurueta.navigation.indoor.radiosource,PROSACRobustRangingRadioSourceEstimator2D.new PROSACRobustEstimatorListener() {...},0,89,0,8,0,21,0,16,0,12
com.irurueta:irurueta-navigation,com.irurueta.navigation.indoor.radiosource,PROSACRobustRssiRadioSourceEstimator2D.new PROSACRobustEstimatorListener() {...},0,89,1,7,0,21,1,15,0,12
com.irurueta:irurueta-navigation,com.irurueta.navigation.indoor.radiosource,MSACRobustRangingRadioSourceEstimator3D.new MSACRobustEstimatorListener() {...},0,85,0,8,0,20,0,15,0,11
com.irurueta:irurueta-navigation,com.irurueta.navigation.indoor.radiosource,LMedSRobustRssiRadioSourceEstimator2D,12,247,0,8,4,64,0,28,0,24
com.irurueta:irurueta-navigation,com.irurueta.navigation.indoor.radiosource,PROSACRobustRangingAndRssiRadioSourceEstimator3D,16,809,2,30,5,150,2,66,0,52
com.irurueta:irurueta-navigation,com.irurueta.navigation.indoor.radiosource,RobustRssiRadioSourceEstimator2D,37,2487,5,237,14,439,5,281,0,105
com.irurueta:irurueta-navigation,com.irurueta.navigation.indoor.radiosource,RANSACRobustRssiRadioSourceEstimator2D.new RANSACRobustEstimatorListener() {...},0,85,0,8,0,20,0,15,0,11
com.irurueta:irurueta-navigation,com.irurueta.navigation.indoor.radiosource,RobustRssiRadioSourceEstimator3D,36,2488,5,237,13,440,5,281,0,105
com.irurueta:irurueta-navigation,com.irurueta.navigation.indoor.radiosource,PROSACRobustRangingAndRssiRadioSourceEstimator2D,16,809,2,30,5,150,2,66,0,52
com.irurueta:irurueta-navigation,com.irurueta.navigation.indoor.radiosource,RANSACRobustRangingRadioSourceEstimator2D,12,237,0,20,4,54,0,26,0,16
com.irurueta:irurueta-navigation,com.irurueta.navigation.indoor.radiosource,MSACRobustRssiRadioSourceEstimator3D,12,247,0,8,4,64,0,28,0,24
com.irurueta:irurueta-navigation,com.irurueta.navigation.indoor.radiosource,RANSACRobustRssiRadioSourceEstimator3D.new RANSACRobustEstimatorListener() {...},0,85,0,8,0,20,0,15,0,11
com.irurueta:irurueta-navigation,com.irurueta.navigation.indoor.radiosource,PROMedSRobustRangingAndRssiRadioSourceEstimator2D.new PROMedSRobustEstimatorListener() {...},17,72,2,6,4,17,3,13,2,10
com.irurueta:irurueta-navigation,com.irurueta.navigation.indoor.radiosource,RobustRadioSourceEstimator,0,240,0,30,0,69,0,43,0,28
com.irurueta:irurueta-navigation,com.irurueta.navigation.indoor.radiosource,RANSACRobustRangingRadioSourceEstimator3D,12,237,0,20,4,54,0,26,0,16
com.irurueta:irurueta-navigation,com.irurueta.navigation.indoor.radiosource,LMedSRobustRangingAndRssiRadioSourceEstimator3D.new LMedSRobustEstimatorListener() {...},0,81,0,8,0,19,0,14,0,10
com.irurueta:irurueta-navigation,com.irurueta.navigation.indoor.radiosource,MSACRobustRssiRadioSourceEstimator2D,12,247,0,8,4,64,0,28,0,24
com.irurueta:irurueta-navigation,com.irurueta.navigation.indoor.radiosource,RANSACRobustRangingRadioSourceEstimator2D.new RANSACRobustEstimatorListener() {...},0,85,0,8,0,20,0,15,0,11
com.irurueta:irurueta-navigation,com.irurueta.navigation.indoor.radiosource,PROMedSRobustRangingRadioSourceEstimator3D.new PROMedSRobustEstimatorListener() {...},17,72,2,6,4,17,3,13,2,10
com.irurueta:irurueta-navigation,com.irurueta.navigation.indoor.radiosource,MSACRobustRangingRadioSourceEstimator3D,12,139,0,8,4,40,0,16,0,12
com.irurueta:irurueta-navigation,com.irurueta.navigation.indoor.radiosource,RANSACRobustRangingAndRssiRadioSourceEstimator3D.new RANSACRobustEstimatorListener() {...},0,85,0,8,0,20,0,15,0,11
com.irurueta:irurueta-navigation,com.irurueta.navigation.indoor.radiosource,RangingAndRssiRadioSourceEstimator,15,881,5,57,5,204,5,71,0,45
com.irurueta:irurueta-navigation,com.irurueta.navigation.indoor.radiosource,RANSACRobustRangingAndRssiRadioSourceEstimator2D,12,417,0,20,4,78,0,38,0,28
com.irurueta:irurueta-navigation,com.irurueta.navigation.indoor.radiosource,PROSACRobustRangingRadioSourceEstimator3D.new PROSACRobustEstimatorListener() {...},0,89,1,7,0,21,1,15,0,12
com.irurueta:irurueta-navigation,com.irurueta.navigation.indoor.radiosource,RadioSourceEstimator,0,105,1,13,0,33,1,21,0,15
com.irurueta:irurueta-navigation,com.irurueta.navigation.indoor.radiosource,MSACRobustRangingRadioSourceEstimator2D.new MSACRobustEstimatorListener() {...},0,85,0,8,0,20,0,15,0,11
com.irurueta:irurueta-navigation,com.irurueta.navigation.indoor.radiosource,RangingRadioSourceEstimator,6,358,5,39,4,98,5,35,0,18
com.irurueta:irurueta-navigation,com.irurueta.navigation.indoor.radiosource,PROMedSRobustRssiRadioSourceEstimator2D.new PROMedSRobustEstimatorListener() {...},17,72,2,6,4,17,3,13,2,10
com.irurueta:irurueta-navigation,com.irurueta.navigation.indoor.radiosource,PROMedSRobustRangingRadioSourceEstimator2D.new PROMedSRobustEstimatorListener() {...},17,72,2,6,4,17,3,13,2,10
com.irurueta:irurueta-navigation,com.irurueta.navigation.indoor.radiosource,MixedRadioSourceEstimator,16,1053,9,93,6,241,9,91,0,49
com.irurueta:irurueta-navigation,com.irurueta.navigation.indoor.radiosource,RobustRangingRadioSourceEstimator.Solution,0,9,0,0,0,4,0,2,0,2
com.irurueta:irurueta-navigation,com.irurueta.navigation.indoor.radiosource,MSACRobustRangingAndRssiRadioSourceEstimator2D.new MSACRobustEstimatorListener() {...},0,85,0,8,0,20,0,15,0,11
com.irurueta:irurueta-navigation,com.irurueta.navigation.indoor.radiosource,SequentialRobustRangingAndRssiRadioSourceEstimator,13,1435,6,120,4,383,6,158,0,101
com.irurueta:irurueta-navigation,com.irurueta.navigation.indoor.radiosource,PROSACRobustRssiRadioSourceEstimator3D.new PROSACRobustEstimatorListener() {...},0,89,1,7,0,21,1,15,0,12
com.irurueta:irurueta-navigation,com.irurueta.navigation.indoor.radiosource,RobustRangingRadioSourceEstimator,4,119,1,3,1,36,1,15,0,14
com.irurueta:irurueta-navigation,com.irurueta.navigation.indoor.radiosource,LMedSRobustRssiRadioSourceEstimator3D,12,247,0,8,4,64,0,28,0,24
com.irurueta:irurueta-navigation,com.irurueta.navigation.indoor.radiosource,SequentialRobustMixedRadioSourceEstimator,13,1706,12,176,4,441,12,186,0,104
com.irurueta:irurueta-navigation,com.irurueta.navigation.indoor.radiosource,RssiRadioSourceEstimator.new LevenbergMarquardtMultiDimensionFunctionEvaluator() {...},0,128,1,5,0,19,1,6,0,4
com.irurueta:irurueta-navigation,com.irurueta.navigation.indoor.radiosource,MixedRadioSourceEstimator2D,4,281,3,27,2,83,3,35,0,23
com.irurueta:irurueta-navigation,com.irurueta.navigation.indoor.radiosource,RssiRadioSourceEstimator.new LevenbergMarquardtMultiDimensionFunctionEvaluator() {...},0,79,0,0,0,13,0,4,0,4
com.irurueta:irurueta-navigation,com.irurueta.navigation.indoor.radiosource,RssiRadioSourceEstimator.new LevenbergMarquardtMultiDimensionFunctionEvaluator() {...},0,67,0,0,0,10,0,4,0,4
com.irurueta:irurueta-navigation,com.irurueta.navigation.indoor.radiosource,RssiRadioSourceEstimator,7,1757,12,136,7,359,12,113,0,51
com.irurueta:irurueta-navigation,com.irurueta.navigation.indoor.radiosource,RssiRadioSourceEstimator.new LevenbergMarquardtMultiDimensionFunctionEvaluator() {...},0,121,0,6,0,19,0,7,0,4
com.irurueta:irurueta-navigation,com.irurueta.navigation.indoor.radiosource,LMedSRobustRangingRadioSourceEstimator2D.new LMedSRobustEstimatorListener() {...},0,81,0,8,0,19,0,14,0,10
com.irurueta:irurueta-navigation,com.irurueta.navigation.indoor.radiosource,RssiRadioSourceEstimator.new LevenbergMarquardtMultiDimensionFunctionEvaluator() {...},0,146,1,5,0,22,1,6,0,4
com.irurueta:irurueta-navigation,com.irurueta.navigation.indoor.radiosource,RobustRssiRadioSourceEstimator.Solution,0,21,0,0,0,8,0,4,0,4
com.irurueta:irurueta-navigation,com.irurueta.navigation.indoor.radiosource,PROMedSRobustRangingAndRssiRadioSourceEstimator2D,16,522,2,18,5,137,2,56,0,48
com.irurueta:irurueta-navigation,com.irurueta.navigation.indoor.radiosource,SequentialRobustRangingAndRssiRadioSourceEstimator.new RobustRangingRadioSourceEstimatorListener() {...},14,9,2,0,3,4,2,4,1,4
com.irurueta:irurueta-navigation,com.irurueta.navigation.indoor.radiosource,RssiRadioSourceEstimator.new LevenbergMarquardtMultiDimensionFunctionEvaluator() {...},0,103,1,5,0,16,1,6,0,4
com.irurueta:irurueta-navigation,com.irurueta.navigation.indoor.radiosource,RssiRadioSourceEstimator.new LevenbergMarquardtMultiDimensionFunctionEvaluator() {...},0,58,0,0,0,10,0,4,0,4
com.irurueta:irurueta-navigation,com.irurueta.navigation.indoor.radiosource,SequentialRobustRangingAndRssiRadioSourceEstimator.new RobustRssiRadioSourceEstimatorListener() {...},16,9,2,0,3,4,2,4,1,4
com.irurueta:irurueta-navigation,com.irurueta.navigation.indoor.radiosource,RangingAndRssiRadioSourceEstimator2D,2,243,2,20,1,73,2,32,0,23
com.irurueta:irurueta-navigation,com.irurueta.navigation.indoor.radiosource,SequentialRobustMixedRadioSourceEstimator.new RobustRangingRadioSourceEstimatorListener() {...},14,9,2,0,3,4,2,4,1,4
com.irurueta:irurueta-navigation,com.irurueta.navigation.indoor.radiosource,SequentialRobustMixedRadioSourceEstimator.new RobustRssiRadioSourceEstimatorListener() {...},16,9,2,0,3,4,2,4,1,4
com.irurueta:irurueta-navigation,com.irurueta.navigation.indoor.radiosource,MixedRadioSourceEstimator3D,4,281,3,27,2,83,3,35,0,23
com.irurueta:irurueta-navigation,com.irurueta.navigation.indoor.radiosource,RssiRadioSourceEstimator3D,2,247,2,20,1,83,2,33,0,24
com.irurueta:irurueta-navigation,com.irurueta.navigation.indoor.radiosource,PROMedSRobustRssiRadioSourceEstimator3D.new PROMedSRobustEstimatorListener() {...},17,72,2,6,4,17,3,13,2,10
com.irurueta:irurueta-navigation,com.irurueta.navigation.indoor.radiosource,PROMedSRobustRangingAndRssiRadioSourceEstimator3D,16,522,2,18,5,137,2,56,0,48
com.irurueta:irurueta-navigation,com.irurueta.navigation.indoor.radiosource,LMedSRobustRssiRadioSourceEstimator3D.new LMedSRobustEstimatorListener() {...},0,81,0,8,0,19,0,14,0,10
com.irurueta:irurueta-navigation,com.irurueta.navigation.indoor.radiosource,PROSACRobustRangingRadioSourceEstimator2D,12,415,2,30,4,90,2,42,0,28
com.irurueta:irurueta-navigation,com.irurueta.navigation.indoor.radiosource,RANSACRobustRangingAndRssiRadioSourceEstimator2D.new RANSACRobustEstimatorListener() {...},0,85,0,8,0,20,0,15,0,11
com.irurueta:irurueta-navigation,com.irurueta.navigation.indoor.radiosource,SequentialRobustRangingAndRssiRadioSourceEstimator3D,118,428,34,24,35,136,26,54,0,47
com.irurueta:irurueta-navigation,com.irurueta.navigation.indoor.radiosource,SequentialRobustMixedRadioSourceEstimator3D,8,432,7,27,4,132,7,55,0,45
com.irurueta:irurueta-navigation,com.irurueta.navigation.indoor.radiosource,RangingAndRssiRadioSourceEstimator3D,2,243,2,20,1,73,2,32,0,23
com.irurueta:irurueta-navigation,com.irurueta.navigation.indoor.radiosource,RssiRadioSourceEstimator2D,2,247,2,20,1,83,2,33,0,24
com.irurueta:irurueta-navigation,com.irurueta.navigation.indoor.radiosource,MSACRobustRangingAndRssiRadioSourceEstimator3D.new MSACRobustEstimatorListener() {...},0,85,0,8,0,20,0,15,0,11
com.irurueta:irurueta-navigation,com.irurueta.navigation.indoor.radiosource,PROSACRobustRangingAndRssiRadioSourceEstimator2D.new PROSACRobustEstimatorListener() {...},0,89,1,7,0,21,1,15,0,12
com.irurueta:irurueta-navigation,com.irurueta.navigation.indoor.radiosource,LMedSRobustRangingRadioSourceEstimator3D,12,139,0,8,4,40,0,16,0,12
com.irurueta:irurueta-navigation,com.irurueta.navigation.indoor.radiosource,RobustRangingAndRssiRadioSourceEstimator,15,538,5,21,4,122,5,49,0,41
com.irurueta:irurueta-navigation,com.irurueta.navigation.indoor.radiosource,MSACRobustRangingAndRssiRadioSourceEstimator2D,12,247,0,8,4,64,0,28,0,24
com.irurueta:irurueta-navigation,com.irurueta.navigation.indoor.radiosource,PROSACRobustRangingRadioSourceEstimator3D,12,415,2,30,4,90,2,42,0,28
com.irurueta:irurueta-navigation,com.irurueta.navigation.indoor.radiosource,SequentialRobustMixedRadioSourceEstimator2D,8,432,7,27,4,132,7,55,0,45
com.irurueta:irurueta-navigation,com.irurueta.navigation.indoor.radiosource,RANSACRobustRssiRadioSourceEstimator2D,12,417,0,20,4,78,0,38,0,28
com.irurueta:irurueta-navigation,com.irurueta.navigation.indoor.radiosource,MSACRobustRangingRadioSourceEstimator2D,12,141,0,8,4,41,0,16,0,12
com.irurueta:irurueta-navigation,com.irurueta.navigation.indoor.radiosource,LMedSRobustRangingRadioSourceEstimator2D,12,139,0,8,4,40,0,16,0,12
com.irurueta:irurueta-navigation,com.irurueta.navigation.indoor.radiosource,LMedSRobustRangingRadioSourceEstimator3D.new LMedSRobustEstimatorListener() {...},0,81,0,8,0,19,0,14,0,10
com.irurueta:irurueta-navigation,com.irurueta.navigation.indoor.radiosource,RANSACRobustRangingAndRssiRadioSourceEstimator3D,12,417,0,20,4,78,0,38,0,28
com.irurueta:irurueta-navigation,com.irurueta.navigation.indoor.radiosource,RANSACRobustRssiRadioSourceEstimator3D,12,417,0,20,4,78,0,38,0,28
com.irurueta:irurueta-navigation,com.irurueta.navigation.indoor.position,PROSACRobustPositionEstimator2D,0,202,0,6,0,85,0,30,0,27
com.irurueta:irurueta-navigation,com.irurueta.navigation.indoor.position,RobustPositionEstimator3D,6,696,0,88,2,135,0,104,0,36
com.irurueta:irurueta-navigation,com.irurueta.navigation.indoor.position,PositionEstimatorHelper,18,617,25,81,5,164,24,45,0,14
com.irurueta:irurueta-navigation,com.irurueta.navigation.indoor.position,LMedSRobustPositionEstimator3D,0,89,0,0,0,40,0,12,0,12
com.irurueta:irurueta-navigation,com.irurueta.navigation.indoor.position,PROSACRobustPositionEstimator3D,0,202,0,6,0,85,0,30,0,27
com.irurueta:irurueta-navigation,com.irurueta.navigation.indoor.position,RobustPositionEstimator.new RobustTrilaterationSolverListener() {...},0,52,4,4,0,13,4,5,0,5
com.irurueta:irurueta-navigation,com.irurueta.navigation.indoor.position,LMedSRobustPositionEstimator2D,0,89,0,0,0,40,0,12,0,12
com.irurueta:irurueta-navigation,com.irurueta.navigation.indoor.position,LinearPositionEstimator,7,108,3,9,3,36,3,15,0,12
com.irurueta:irurueta-navigation,com.irurueta.navigation.indoor.position,LinearPositionEstimator2D,6,126,0,4,2,48,0,13,0,11
com.irurueta:irurueta-navigation,com.irurueta.navigation.indoor.position,PROMedSRobustPositionEstimator3D,0,180,0,6,0,75,0,26,0,23
com.irurueta:irurueta-navigation,com.irurueta.navigation.indoor.position,NonLinearPositionEstimator.new TrilaterationSolverListener() {...},0,28,2,2,0,7,2,3,0,3
com.irurueta:irurueta-navigation,com.irurueta.navigation.indoor.position,MSACRobustPositionEstimator2D,0,89,0,0,0,40,0,12,0,12
com.irurueta:irurueta-navigation,com.irurueta.navigation.indoor.position,LinearPositionEstimator.new TrilaterationSolverListener() {...},0,28,2,2,0,7,2,3,0,3
com.irurueta:irurueta-navigation,com.irurueta.navigation.indoor.position,PositionEstimationException,0,16,0,0,0,8,0,4,0,4
com.irurueta:irurueta-navigation,com.irurueta.navigation.indoor.position,LinearPositionEstimator3D,6,126,0,4,2,48,0,13,0,11
com.irurueta:irurueta-navigation,com.irurueta.navigation.indoor.position,PROMedSRobustPositionEstimator2D,0,180,0,6,0,75,0,26,0,23
com.irurueta:irurueta-navigation,com.irurueta.navigation.indoor.position,NonLinearPositionEstimator2D,6,214,0,4,2,82,0,21,0,19
com.irurueta:irurueta-navigation,com.irurueta.navigation.indoor.position,MSACRobustPositionEstimator3D,0,89,0,0,0,40,0,12,0,12
com.irurueta:irurueta-navigation,com.irurueta.navigation.indoor.position,NonLinearPositionEstimator3D,6,214,0,4,2,82,0,21,0,19
com.irurueta:irurueta-navigation,com.irurueta.navigation.indoor.position,RANSACRobustPositionEstimator3D,0,111,0,0,0,50,0,16,0,16
com.irurueta:irurueta-navigation,com.irurueta.navigation.indoor.position,RobustPositionEstimator,6,291,3,27,3,92,4,50,1,38
com.irurueta:irurueta-navigation,com.irurueta.navigation.indoor.position,RANSACRobustPositionEstimator2D,0,111,0,0,0,50,0,16,0,16
com.irurueta:irurueta-navigation,com.irurueta.navigation.indoor.position,PositionEstimator,0,103,1,15,0,34,1,19,0,12
com.irurueta:irurueta-navigation,com.irurueta.navigation.indoor.position,RobustPositionEstimator2D,6,696,0,88,2,135,0,104,0,36
com.irurueta:irurueta-navigation,com.irurueta.navigation.indoor.position,NonLinearPositionEstimator,11,182,4,14,4,60,4,26,0,21
com.irurueta:irurueta-navigation,com.irurueta.navigation,Accuracy2D,0,45,0,0,0,15,0,6,0,6
com.irurueta:irurueta-navigation,com.irurueta.navigation,Accuracy3D,0,58,0,0,0,17,0,8,0,8
com.irurueta:irurueta-navigation,com.irurueta.navigation,NavigationException,0,16,0,0,0,8,0,4,0,4
com.irurueta:irurueta-navigation,com.irurueta.navigation,Accuracy,0,76,0,0,0,20,0,15,0,15
com.irurueta:irurueta-navigation,com.irurueta.navigation,NotReadyException,0,16,0,0,0,8,0,4,0,4
com.irurueta:irurueta-navigation,com.irurueta.navigation,LockedException,0,16,0,0,0,8,0,4,0,4
com.irurueta:irurueta-navigation,com.irurueta.navigation,BuildInfo,12,113,2,4,4,30,2,11,0,10
com.irurueta:irurueta-navigation,com.irurueta.navigation.trilateration,LinearLeastSquaresTrilateration3DSolver,0,144,0,14,0,41,0,19,0,12
com.irurueta:irurueta-navigation,com.irurueta.navigation.trilateration,NonLinearLeastSquaresTrilaterationSolver.new LevenbergMarquardtMultiDimensionFunctionEvaluator() {...},0,120,0,10,0,22,0,9,0,4
com.irurueta:irurueta-navigation,com.irurueta.navigation.trilateration,PROMedSRobustTrilateration3DSolver,12,322,1,19,4,85,1,37,0,28
com.irurueta:irurueta-navigation,com.irurueta.navigation.trilateration,RANSACRobustTrilateration3DSolver.new RANSACRobustEstimatorListener() {...},0,91,4,4,0,20,4,11,0,11
com.irurueta:irurueta-navigation,com.irurueta.navigation.trilateration,RANSACRobustTrilateration2DSolver,12,272,0,20,4,57,0,28,0,18
com.irurueta:irurueta-navigation,com.irurueta.navigation.trilateration,TrilaterationSolverType,0,24,0,0,0,3,0,1,0,1
com.irurueta:irurueta-navigation,com.irurueta.navigation.trilateration,MSACRobustTrilateration3DSolver,12,162,0,8,4,43,0,18,0,14
com.irurueta:irurueta-navigation,com.irurueta.navigation.trilateration,MSACRobustTrilateration3DSolver.new MSACRobustEstimatorListener() {...},0,91,4,4,0,20,4,11,0,11
com.irurueta:irurueta-navigation,com.irurueta.navigation.trilateration,LMedSRobustTrilateration3DSolver.new LMedSRobustEstimatorListener() {...},0,87,4,4,0,19,4,10,0,10
com.irurueta:irurueta-navigation,com.irurueta.navigation.trilateration,PROSACRobustTrilateration2DSolver,12,489,1,31,4,98,1,47,0,32
com.irurueta:irurueta-navigation,com.irurueta.navigation.trilateration,PROMedSRobustTrilateration3DSolver.new PROMedSRobustEstimatorListener() {...},16,79,5,3,4,17,6,10,2,10
com.irurueta:irurueta-navigation,com.irurueta.navigation.trilateration,PROMedSRobustTrilateration2DSolver.new PROMedSRobustEstimatorListener() {...},16,79,5,3,4,17,6,10,2,10
com.irurueta:irurueta-navigation,com.irurueta.navigation.trilateration,TrilaterationSolver,0,152,3,23,0,41,3,24,0,14
com.irurueta:irurueta-navigation,com.irurueta.navigation.trilateration,LinearLeastSquaresTrilaterationSolver,0,188,0,16,0,41,0,14,0,6
com.irurueta:irurueta-navigation,com.irurueta.navigation.trilateration,LMedSRobustTrilateration3DSolver,12,162,0,8,4,43,0,18,0,14
com.irurueta:irurueta-navigation,com.irurueta.navigation.trilateration,PROSACRobustTrilateration3DSolver.new PROSACRobustEstimatorListener() {...},0,95,4,4,0,21,4,12,0,12
com.irurueta:irurueta-navigation,com.irurueta.navigation.trilateration,NonLinearLeastSquaresTrilateration3DSolver,0,311,0,26,0,92,0,40,0,27
com.irurueta:irurueta-navigation,com.irurueta.navigation.trilateration,LinearLeastSquaresTrilateration2DSolver,0,144,0,14,0,41,0,19,0,12
com.irurueta:irurueta-navigation,com.irurueta.navigation.trilateration,PROMedSRobustTrilateration2DSolver,12,322,1,19,4,85,1,37,0,28
com.irurueta:irurueta-navigation,com.irurueta.navigation.trilateration,RobustTrilaterationSolver,0,397,2,48,0,98,2,56,0,33
com.irurueta:irurueta-navigation,com.irurueta.navigation.trilateration,RANSACRobustTrilateration3DSolver,12,272,0,20,4,57,0,28,0,18
com.irurueta:irurueta-navigation,com.irurueta.navigation.trilateration,MSACRobustTrilateration2DSolver,12,162,0,8,4,43,0,18,0,14
com.irurueta:irurueta-navigation,com.irurueta.navigation.trilateration,RobustTrilateration3DSolver,3,1242,1,136,1,254,1,155,0,59
com.irurueta:irurueta-navigation,com.irurueta.navigation.trilateration,RobustTrilateration2DSolver,3,1239,1,136,1,253,1,154,0,58
com.irurueta:irurueta-navigation,com.irurueta.navigation.trilateration,PROSACRobustTrilateration2DSolver.new PROSACRobustEstimatorListener() {...},0,95,4,4,0,21,4,12,0,12
com.irurueta:irurueta-navigation,com.irurueta.navigation.trilateration,NonLinearLeastSquaresTrilateration2DSolver,0,311,0,26,0,92,0,40,0,27
com.irurueta:irurueta-navigation,com.irurueta.navigation.trilateration,MSACRobustTrilateration2DSolver.new MSACRobustEstimatorListener() {...},0,91,4,4,0,20,4,11,0,11
com.irurueta:irurueta-navigation,com.irurueta.navigation.trilateration,NonLinearLeastSquaresTrilaterationSolver,1,349,0,24,1,94,0,37,0,25
com.irurueta:irurueta-navigation,com.irurueta.navigation.trilateration,TrilaterationException,0,16,0,0,0,8,0,4,0,4
com.irurueta:irurueta-navigation,com.irurueta.navigation.trilateration,PROSACRobustTrilateration3DSolver,12,489,1,31,4,98,1,47,0,32
com.irurueta:irurueta-navigation,com.irurueta.navigation.trilateration,RANSACRobustTrilateration2DSolver.new RANSACRobustEstimatorListener() {...},0,91,4,4,0,20,4,11,0,11
com.irurueta:irurueta-navigation,com.irurueta.navigation.trilateration,LMedSRobustTrilateration2DSolver,12,162,0,8,4,43,0,18,0,14
com.irurueta:irurueta-navigation,com.irurueta.navigation.trilateration,LMedSRobustTrilateration2DSolver.new LMedSRobustEstimatorListener() {...},0,87,4,4,0,19,4,10,0,10
